<?xml version="1.0" encoding="UTF-8"?>
<coverage generated="1495481279094" clover="3.2.0">
  <project timestamp="1495481279094" name="All files">
    <metrics statements="108" coveredstatements="61" conditionals="43" coveredconditionals="7" methods="55" coveredmethods="7" elements="206" coveredelements="75" complexity="0" loc="108" ncloc="108" packages="7" files="17" classes="17">
      <package name="src">
        <metrics statements="6" coveredstatements="5" conditionals="0" coveredconditionals="0" methods="5" coveredmethods="3"/>
        <file name="Router.jsx" path="/Applications/MAMP/htdocs/personal/checkd/fixtures-api/app/src/Router.jsx">
          <metrics statements="2" coveredstatements="1" conditionals="0" coveredconditionals="0" methods="2" coveredmethods="0"/>
          <line num="8" count="1" type="stmt"/>
          <line num="11" count="0" type="stmt"/>
        </file>
        <file name="index.jsx" path="/Applications/MAMP/htdocs/personal/checkd/fixtures-api/app/src/index.jsx">
          <metrics statements="3" coveredstatements="3" conditionals="0" coveredconditionals="0" methods="1" coveredmethods="1"/>
          <line num="8" count="1" type="stmt"/>
          <line num="9" count="2" type="stmt"/>
          <line num="16" count="1" type="stmt"/>
        </file>
        <file name="utils.js" path="/Applications/MAMP/htdocs/personal/checkd/fixtures-api/app/src/utils.js">
          <metrics statements="1" coveredstatements="1" conditionals="0" coveredconditionals="0" methods="2" coveredmethods="2"/>
          <line num="2" count="4" type="stmt"/>
        </file>
      </package>
      <package name="src.modules.areas">
        <metrics statements="10" coveredstatements="5" conditionals="7" coveredconditionals="0" methods="6" coveredmethods="0"/>
        <file name="List.jsx" path="/Applications/MAMP/htdocs/personal/checkd/fixtures-api/app/src/modules/areas/List.jsx">
          <metrics statements="6" coveredstatements="3" conditionals="7" coveredconditionals="0" methods="3" coveredmethods="0"/>
          <line num="5" count="1" type="stmt"/>
          <line num="6" count="0" type="stmt"/>
          <line num="8" count="0" type="stmt"/>
          <line num="15" count="1" type="stmt"/>
          <line num="16" count="0" type="stmt"/>
          <line num="24" count="1" type="stmt"/>
        </file>
        <file name="ListContainer.jsx" path="/Applications/MAMP/htdocs/personal/checkd/fixtures-api/app/src/modules/areas/ListContainer.jsx">
          <metrics statements="4" coveredstatements="2" conditionals="0" coveredconditionals="0" methods="3" coveredmethods="0"/>
          <line num="10" count="0" type="stmt"/>
          <line num="13" count="0" type="stmt"/>
          <line num="17" count="1" type="stmt"/>
          <line num="22" count="1" type="stmt"/>
        </file>
      </package>
      <package name="src.modules.competitions">
        <metrics statements="12" coveredstatements="5" conditionals="7" coveredconditionals="0" methods="6" coveredmethods="0"/>
        <file name="List.jsx" path="/Applications/MAMP/htdocs/personal/checkd/fixtures-api/app/src/modules/competitions/List.jsx">
          <metrics statements="6" coveredstatements="3" conditionals="7" coveredconditionals="0" methods="3" coveredmethods="0"/>
          <line num="7" count="1" type="stmt"/>
          <line num="8" count="0" type="stmt"/>
          <line num="10" count="0" type="stmt"/>
          <line num="17" count="1" type="stmt"/>
          <line num="18" count="0" type="stmt"/>
          <line num="26" count="1" type="stmt"/>
        </file>
        <file name="ListContainer.jsx" path="/Applications/MAMP/htdocs/personal/checkd/fixtures-api/app/src/modules/competitions/ListContainer.jsx">
          <metrics statements="6" coveredstatements="2" conditionals="0" coveredconditionals="0" methods="3" coveredmethods="0"/>
          <line num="11" count="0" type="stmt"/>
          <line num="12" count="0" type="stmt"/>
          <line num="15" count="0" type="stmt"/>
          <line num="16" count="0" type="stmt"/>
          <line num="20" count="1" type="stmt"/>
          <line num="29" count="1" type="stmt"/>
        </file>
      </package>
      <package name="src.modules.matches">
        <metrics statements="15" coveredstatements="5" conditionals="12" coveredconditionals="0" methods="6" coveredmethods="0"/>
        <file name="List.jsx" path="/Applications/MAMP/htdocs/personal/checkd/fixtures-api/app/src/modules/matches/List.jsx">
          <metrics statements="9" coveredstatements="3" conditionals="12" coveredconditionals="0" methods="3" coveredmethods="0"/>
          <line num="8" count="1" type="stmt"/>
          <line num="9" count="0" type="stmt"/>
          <line num="10" count="0" type="stmt"/>
          <line num="11" count="0" type="stmt"/>
          <line num="12" count="0" type="stmt"/>
          <line num="20" count="0" type="stmt"/>
          <line num="31" count="1" type="stmt"/>
          <line num="32" count="0" type="stmt"/>
          <line num="44" count="1" type="stmt"/>
        </file>
        <file name="ListContainer.jsx" path="/Applications/MAMP/htdocs/personal/checkd/fixtures-api/app/src/modules/matches/ListContainer.jsx">
          <metrics statements="6" coveredstatements="2" conditionals="0" coveredconditionals="0" methods="3" coveredmethods="0"/>
          <line num="12" count="0" type="stmt"/>
          <line num="13" count="0" type="stmt"/>
          <line num="16" count="0" type="stmt"/>
          <line num="17" count="0" type="stmt"/>
          <line num="28" count="1" type="stmt"/>
          <line num="38" count="1" type="stmt"/>
        </file>
      </package>
      <package name="src.store">
        <metrics statements="3" coveredstatements="3" conditionals="2" coveredconditionals="1" methods="1" coveredmethods="1"/>
        <file name="index.js" path="/Applications/MAMP/htdocs/personal/checkd/fixtures-api/app/src/store/index.js">
          <metrics statements="3" coveredstatements="3" conditionals="2" coveredconditionals="1" methods="1" coveredmethods="1"/>
          <line num="6" count="1" type="stmt"/>
          <line num="8" count="1" type="cond" truecount="1" falsecount="1"/>
          <line num="11" count="1" type="stmt"/>
        </file>
      </package>
      <package name="src.store.actions">
        <metrics statements="36" coveredstatements="21" conditionals="0" coveredconditionals="0" methods="24" coveredmethods="0"/>
        <file name="areas.js" path="/Applications/MAMP/htdocs/personal/checkd/fixtures-api/app/src/store/actions/areas.js">
          <metrics statements="12" coveredstatements="7" conditionals="0" coveredconditionals="0" methods="8" coveredmethods="0"/>
          <line num="1" count="1" type="stmt"/>
          <line num="2" count="1" type="stmt"/>
          <line num="3" count="1" type="stmt"/>
          <line num="6" count="1" type="stmt"/>
          <line num="11" count="1" type="stmt"/>
          <line num="15" count="1" type="stmt"/>
          <line num="19" count="1" type="stmt"/>
          <line num="20" count="0" type="stmt"/>
          <line num="21" count="0" type="stmt"/>
          <line num="22" count="0" type="stmt"/>
          <line num="23" count="0" type="stmt"/>
          <line num="24" count="0" type="stmt"/>
        </file>
        <file name="competitions.js" path="/Applications/MAMP/htdocs/personal/checkd/fixtures-api/app/src/store/actions/competitions.js">
          <metrics statements="12" coveredstatements="7" conditionals="0" coveredconditionals="0" methods="8" coveredmethods="0"/>
          <line num="1" count="1" type="stmt"/>
          <line num="2" count="1" type="stmt"/>
          <line num="3" count="1" type="stmt"/>
          <line num="6" count="1" type="stmt"/>
          <line num="11" count="1" type="stmt"/>
          <line num="15" count="1" type="stmt"/>
          <line num="19" count="1" type="stmt"/>
          <line num="20" count="0" type="stmt"/>
          <line num="21" count="0" type="stmt"/>
          <line num="22" count="0" type="stmt"/>
          <line num="23" count="0" type="stmt"/>
          <line num="24" count="0" type="stmt"/>
        </file>
        <file name="matches.js" path="/Applications/MAMP/htdocs/personal/checkd/fixtures-api/app/src/store/actions/matches.js">
          <metrics statements="12" coveredstatements="7" conditionals="0" coveredconditionals="0" methods="8" coveredmethods="0"/>
          <line num="1" count="1" type="stmt"/>
          <line num="2" count="1" type="stmt"/>
          <line num="3" count="1" type="stmt"/>
          <line num="6" count="1" type="stmt"/>
          <line num="11" count="1" type="stmt"/>
          <line num="15" count="1" type="stmt"/>
          <line num="19" count="1" type="stmt"/>
          <line num="20" count="0" type="stmt"/>
          <line num="21" count="0" type="stmt"/>
          <line num="22" count="0" type="stmt"/>
          <line num="23" count="0" type="stmt"/>
          <line num="24" count="0" type="stmt"/>
        </file>
      </package>
      <package name="src.store.reducers">
        <metrics statements="26" coveredstatements="17" conditionals="15" coveredconditionals="6" methods="7" coveredmethods="3"/>
        <file name="areas.js" path="/Applications/MAMP/htdocs/personal/checkd/fixtures-api/app/src/store/reducers/areas.js">
          <metrics statements="9" coveredstatements="6" conditionals="5" coveredconditionals="2" methods="3" coveredmethods="1"/>
          <line num="3" count="1" type="stmt"/>
          <line num="9" count="1" type="cond" truecount="1" falsecount="0"/>
          <line num="10" count="3" type="cond" truecount="1" falsecount="3"/>
          <line num="12" count="0" type="stmt"/>
          <line num="19" count="0" type="stmt"/>
          <line num="26" count="0" type="stmt"/>
          <line num="33" count="3" type="stmt"/>
          <line num="37" count="1" type="stmt"/>
          <line num="38" count="1" type="stmt"/>
        </file>
        <file name="competitions.js" path="/Applications/MAMP/htdocs/personal/checkd/fixtures-api/app/src/store/reducers/competitions.js">
          <metrics statements="8" coveredstatements="5" conditionals="5" coveredconditionals="2" methods="2" coveredmethods="1"/>
          <line num="7" count="1" type="stmt"/>
          <line num="14" count="1" type="cond" truecount="1" falsecount="0"/>
          <line num="15" count="3" type="cond" truecount="1" falsecount="3"/>
          <line num="17" count="0" type="stmt"/>
          <line num="24" count="0" type="stmt"/>
          <line num="31" count="0" type="stmt"/>
          <line num="38" count="3" type="stmt"/>
          <line num="42" count="1" type="stmt"/>
        </file>
        <file name="index.js" path="/Applications/MAMP/htdocs/personal/checkd/fixtures-api/app/src/store/reducers/index.js">
          <metrics statements="1" coveredstatements="1" conditionals="0" coveredconditionals="0" methods="0" coveredmethods="0"/>
          <line num="6" count="1" type="stmt"/>
        </file>
        <file name="matches.js" path="/Applications/MAMP/htdocs/personal/checkd/fixtures-api/app/src/store/reducers/matches.js">
          <metrics statements="8" coveredstatements="5" conditionals="5" coveredconditionals="2" methods="2" coveredmethods="1"/>
          <line num="7" count="1" type="stmt"/>
          <line num="14" count="1" type="cond" truecount="1" falsecount="0"/>
          <line num="15" count="3" type="cond" truecount="1" falsecount="3"/>
          <line num="17" count="0" type="stmt"/>
          <line num="24" count="0" type="stmt"/>
          <line num="31" count="0" type="stmt"/>
          <line num="38" count="3" type="stmt"/>
          <line num="42" count="1" type="stmt"/>
        </file>
      </package>
    </metrics>
  </project>
</coverage>
