{"/Applications/MAMP/htdocs/personal/checkd/fixtures-api/app/src/Router.jsx": {"path":"/Applications/MAMP/htdocs/personal/checkd/fixtures-api/app/src/Router.jsx","statementMap":{"0":{"start":{"line":8,"column":15},"end":{"line":8,"column":75}},"1":{"start":{"line":8,"column":21},"end":{"line":8,"column":75}},"2":{"start":{"line":11,"column":2},"end":{"line":18,"column":11}}},"fnMap":{"0":{"name":"(anonymous_0)","decl":{"start":{"line":8,"column":15},"end":{"line":8,"column":16}},"loc":{"start":{"line":8,"column":21},"end":{"line":8,"column":75}},"line":8},"1":{"name":"(anonymous_1)","decl":{"start":{"line":10,"column":15},"end":{"line":10,"column":16}},"loc":{"start":{"line":11,"column":2},"end":{"line":18,"column":11}},"line":11}},"branchMap":{},"s":{"0":1,"1":0,"2":0},"f":{"0":0,"1":0},"b":{},"_coverageSchema":"332fd63041d2c1bcb487cc26dd0d5f7d97098a6c","hash":"ad257eed9629f7a60b6facd73b689b2b46897dc4"}
,"/Applications/MAMP/htdocs/personal/checkd/fixtures-api/app/src/index.jsx": {"path":"/Applications/MAMP/htdocs/personal/checkd/fixtures-api/app/src/index.jsx","statementMap":{"0":{"start":{"line":8,"column":12},"end":{"line":12,"column":1}},"1":{"start":{"line":9,"column":2},"end":{"line":11,"column":13}},"2":{"start":{"line":16,"column":0},"end":{"line":16,"column":48}}},"fnMap":{"0":{"name":"(anonymous_0)","decl":{"start":{"line":8,"column":12},"end":{"line":8,"column":13}},"loc":{"start":{"line":9,"column":2},"end":{"line":11,"column":13}},"line":9}},"branchMap":{},"s":{"0":1,"1":2,"2":1},"f":{"0":2},"b":{},"_coverageSchema":"332fd63041d2c1bcb487cc26dd0d5f7d97098a6c","hash":"8753b318ee403347d11322d2dc808a1612e1be14"}
,"/Applications/MAMP/htdocs/personal/checkd/fixtures-api/app/src/utils.js": {"path":"/Applications/MAMP/htdocs/personal/checkd/fixtures-api/app/src/utils.js","statementMap":{"0":{"start":{"line":2,"column":23},"end":{"line":2,"column":70}},"1":{"start":{"line":2,"column":37},"end":{"line":2,"column":70}},"2":{"start":{"line":2,"column":55},"end":{"line":2,"column":69}}},"fnMap":{"0":{"name":"(anonymous_0)","decl":{"start":{"line":2,"column":23},"end":{"line":2,"column":24}},"loc":{"start":{"line":2,"column":37},"end":{"line":2,"column":70}},"line":2},"1":{"name":"(anonymous_1)","decl":{"start":{"line":2,"column":47},"end":{"line":2,"column":48}},"loc":{"start":{"line":2,"column":55},"end":{"line":2,"column":69}},"line":2}},"branchMap":{},"s":{"0":2,"1":2,"2":4},"f":{"0":2,"1":4},"b":{},"_coverageSchema":"332fd63041d2c1bcb487cc26dd0d5f7d97098a6c","hash":"408a11036f84b31d6d271a6d723b1696c38b3db4"}
,"/Applications/MAMP/htdocs/personal/checkd/fixtures-api/app/src/modules/areas/List.jsx": {"path":"/Applications/MAMP/htdocs/personal/checkd/fixtures-api/app/src/modules/areas/List.jsx","statementMap":{"0":{"start":{"line":5,"column":19},"end":{"line":13,"column":1}},"1":{"start":{"line":6,"column":2},"end":{"line":12,"column":7}},"2":{"start":{"line":8,"column":6},"end":{"line":10,"column":11}},"3":{"start":{"line":15,"column":18},"end":{"line":22,"column":1}},"4":{"start":{"line":16,"column":2},"end":{"line":21,"column":8}},"5":{"start":{"line":24,"column":0},"end":{"line":26,"column":2}}},"fnMap":{"0":{"name":"(anonymous_0)","decl":{"start":{"line":5,"column":19},"end":{"line":5,"column":20}},"loc":{"start":{"line":6,"column":2},"end":{"line":12,"column":7}},"line":6},"1":{"name":"(anonymous_1)","decl":{"start":{"line":7,"column":19},"end":{"line":7,"column":20}},"loc":{"start":{"line":8,"column":6},"end":{"line":10,"column":11}},"line":8},"2":{"name":"(anonymous_2)","decl":{"start":{"line":15,"column":18},"end":{"line":15,"column":19}},"loc":{"start":{"line":16,"column":2},"end":{"line":21,"column":8}},"line":16}},"branchMap":{"0":{"loc":{"start":{"line":18,"column":5},"end":{"line":18,"column":49}},"type":"binary-expr","locations":[{"start":{"line":18,"column":5},"end":{"line":18,"column":18}},{"start":{"line":18,"column":22},"end":{"line":18,"column":49}}],"line":18},"1":{"loc":{"start":{"line":19,"column":5},"end":{"line":19,"column":53}},"type":"binary-expr","locations":[{"start":{"line":19,"column":5},"end":{"line":19,"column":16}},{"start":{"line":19,"column":20},"end":{"line":19,"column":53}}],"line":19},"2":{"loc":{"start":{"line":20,"column":5},"end":{"line":20,"column":56}},"type":"binary-expr","locations":[{"start":{"line":20,"column":5},"end":{"line":20,"column":19}},{"start":{"line":20,"column":23},"end":{"line":20,"column":35}},{"start":{"line":20,"column":39},"end":{"line":20,"column":56}}],"line":20}},"s":{"0":1,"1":0,"2":0,"3":1,"4":0,"5":1},"f":{"0":0,"1":0,"2":0},"b":{"0":[0,0],"1":[0,0],"2":[0,0,0]},"_coverageSchema":"332fd63041d2c1bcb487cc26dd0d5f7d97098a6c","hash":"14cc4303858f7a96ea0abefec664931be19351e7"}
,"/Applications/MAMP/htdocs/personal/checkd/fixtures-api/app/src/modules/areas/ListContainer.jsx": {"path":"/Applications/MAMP/htdocs/personal/checkd/fixtures-api/app/src/modules/areas/ListContainer.jsx","statementMap":{"0":{"start":{"line":10,"column":4},"end":{"line":10,"column":28}},"1":{"start":{"line":13,"column":4},"end":{"line":13,"column":45}},"2":{"start":{"line":17,"column":0},"end":{"line":20,"column":2}},"3":{"start":{"line":22,"column":24},"end":{"line":22,"column":66}},"4":{"start":{"line":22,"column":34},"end":{"line":22,"column":65}}},"fnMap":{"0":{"name":"(anonymous_0)","decl":{"start":{"line":9,"column":2},"end":{"line":9,"column":3}},"loc":{"start":{"line":9,"column":22},"end":{"line":11,"column":3}},"line":9},"1":{"name":"(anonymous_1)","decl":{"start":{"line":12,"column":2},"end":{"line":12,"column":3}},"loc":{"start":{"line":12,"column":11},"end":{"line":14,"column":3}},"line":12},"2":{"name":"(anonymous_2)","decl":{"start":{"line":22,"column":24},"end":{"line":22,"column":25}},"loc":{"start":{"line":22,"column":34},"end":{"line":22,"column":65}},"line":22}},"branchMap":{},"s":{"0":0,"1":0,"2":1,"3":1,"4":0},"f":{"0":0,"1":0,"2":0},"b":{},"_coverageSchema":"332fd63041d2c1bcb487cc26dd0d5f7d97098a6c","hash":"096edcbb445c482da3f42be1bc6db244923fc065"}
,"/Applications/MAMP/htdocs/personal/checkd/fixtures-api/app/src/modules/competitions/List.jsx": {"path":"/Applications/MAMP/htdocs/personal/checkd/fixtures-api/app/src/modules/competitions/List.jsx","statementMap":{"0":{"start":{"line":7,"column":19},"end":{"line":15,"column":1}},"1":{"start":{"line":8,"column":2},"end":{"line":14,"column":7}},"2":{"start":{"line":10,"column":6},"end":{"line":12,"column":11}},"3":{"start":{"line":17,"column":25},"end":{"line":24,"column":1}},"4":{"start":{"line":18,"column":2},"end":{"line":23,"column":8}},"5":{"start":{"line":26,"column":0},"end":{"line":30,"column":2}}},"fnMap":{"0":{"name":"(anonymous_0)","decl":{"start":{"line":7,"column":19},"end":{"line":7,"column":20}},"loc":{"start":{"line":8,"column":2},"end":{"line":14,"column":7}},"line":8},"1":{"name":"(anonymous_1)","decl":{"start":{"line":9,"column":19},"end":{"line":9,"column":20}},"loc":{"start":{"line":10,"column":6},"end":{"line":12,"column":11}},"line":10},"2":{"name":"(anonymous_2)","decl":{"start":{"line":17,"column":25},"end":{"line":17,"column":26}},"loc":{"start":{"line":18,"column":2},"end":{"line":23,"column":8}},"line":18}},"branchMap":{"0":{"loc":{"start":{"line":20,"column":5},"end":{"line":20,"column":63}},"type":"binary-expr","locations":[{"start":{"line":20,"column":5},"end":{"line":20,"column":25}},{"start":{"line":20,"column":29},"end":{"line":20,"column":63}}],"line":20},"1":{"loc":{"start":{"line":21,"column":5},"end":{"line":21,"column":67}},"type":"binary-expr","locations":[{"start":{"line":21,"column":5},"end":{"line":21,"column":23}},{"start":{"line":21,"column":27},"end":{"line":21,"column":67}}],"line":21},"2":{"loc":{"start":{"line":22,"column":5},"end":{"line":22,"column":77}},"type":"binary-expr","locations":[{"start":{"line":22,"column":5},"end":{"line":22,"column":26}},{"start":{"line":22,"column":30},"end":{"line":22,"column":49}},{"start":{"line":22,"column":53},"end":{"line":22,"column":77}}],"line":22}},"s":{"0":1,"1":0,"2":0,"3":1,"4":0,"5":1},"f":{"0":0,"1":0,"2":0},"b":{"0":[0,0],"1":[0,0],"2":[0,0,0]},"_coverageSchema":"332fd63041d2c1bcb487cc26dd0d5f7d97098a6c","hash":"0ca8560d7908d057c8dac6401ad659ef19f3fccf"}
,"/Applications/MAMP/htdocs/personal/checkd/fixtures-api/app/src/modules/competitions/ListContainer.jsx": {"path":"/Applications/MAMP/htdocs/personal/checkd/fixtures-api/app/src/modules/competitions/ListContainer.jsx","statementMap":{"0":{"start":{"line":11,"column":19},"end":{"line":11,"column":42}},"1":{"start":{"line":12,"column":4},"end":{"line":12,"column":37}},"2":{"start":{"line":15,"column":59},"end":{"line":15,"column":69}},"3":{"start":{"line":16,"column":4},"end":{"line":16,"column":85}},"4":{"start":{"line":20,"column":0},"end":{"line":27,"column":2}},"5":{"start":{"line":29,"column":24},"end":{"line":32,"column":2}},"6":{"start":{"line":29,"column":34},"end":{"line":32,"column":1}}},"fnMap":{"0":{"name":"(anonymous_0)","decl":{"start":{"line":10,"column":2},"end":{"line":10,"column":3}},"loc":{"start":{"line":10,"column":22},"end":{"line":13,"column":3}},"line":10},"1":{"name":"(anonymous_1)","decl":{"start":{"line":14,"column":2},"end":{"line":14,"column":3}},"loc":{"start":{"line":14,"column":11},"end":{"line":17,"column":3}},"line":14},"2":{"name":"(anonymous_2)","decl":{"start":{"line":29,"column":24},"end":{"line":29,"column":25}},"loc":{"start":{"line":29,"column":34},"end":{"line":32,"column":1}},"line":29}},"branchMap":{},"s":{"0":0,"1":0,"2":0,"3":0,"4":1,"5":1,"6":0},"f":{"0":0,"1":0,"2":0},"b":{},"_coverageSchema":"332fd63041d2c1bcb487cc26dd0d5f7d97098a6c","hash":"027459abb61b29716cbbf45dacd8353c288979a2"}
,"/Applications/MAMP/htdocs/personal/checkd/fixtures-api/app/src/modules/matches/List.jsx": {"path":"/Applications/MAMP/htdocs/personal/checkd/fixtures-api/app/src/modules/matches/List.jsx","statementMap":{"0":{"start":{"line":8,"column":19},"end":{"line":28,"column":1}},"1":{"start":{"line":9,"column":38},"end":{"line":9,"column":45}},"2":{"start":{"line":10,"column":15},"end":{"line":10,"column":38}},"3":{"start":{"line":11,"column":22},"end":{"line":11,"column":64}},"4":{"start":{"line":12,"column":2},"end":{"line":27,"column":4}},"5":{"start":{"line":20,"column":10},"end":{"line":23,"column":15}},"6":{"start":{"line":31,"column":20},"end":{"line":42,"column":1}},"7":{"start":{"line":32,"column":2},"end":{"line":41,"column":8}},"8":{"start":{"line":44,"column":0},"end":{"line":48,"column":2}}},"fnMap":{"0":{"name":"(anonymous_0)","decl":{"start":{"line":8,"column":19},"end":{"line":8,"column":20}},"loc":{"start":{"line":8,"column":54},"end":{"line":28,"column":1}},"line":8},"1":{"name":"(anonymous_1)","decl":{"start":{"line":19,"column":18},"end":{"line":19,"column":19}},"loc":{"start":{"line":20,"column":10},"end":{"line":23,"column":15}},"line":20},"2":{"name":"(anonymous_2)","decl":{"start":{"line":31,"column":20},"end":{"line":31,"column":21}},"loc":{"start":{"line":32,"column":2},"end":{"line":41,"column":8}},"line":32}},"branchMap":{"0":{"loc":{"start":{"line":15,"column":33},"end":{"line":15,"column":50}},"type":"binary-expr","locations":[{"start":{"line":15,"column":33},"end":{"line":15,"column":37}},{"start":{"line":15,"column":41},"end":{"line":15,"column":50}}],"line":15},"1":{"loc":{"start":{"line":17,"column":24},"end":{"line":17,"column":55}},"type":"binary-expr","locations":[{"start":{"line":17,"column":24},"end":{"line":17,"column":35}},{"start":{"line":17,"column":39},"end":{"line":17,"column":55}}],"line":17},"2":{"loc":{"start":{"line":34,"column":5},"end":{"line":34,"column":53}},"type":"binary-expr","locations":[{"start":{"line":34,"column":5},"end":{"line":34,"column":20}},{"start":{"line":34,"column":24},"end":{"line":34,"column":53}}],"line":34},"3":{"loc":{"start":{"line":35,"column":5},"end":{"line":35,"column":57}},"type":"binary-expr","locations":[{"start":{"line":35,"column":5},"end":{"line":35,"column":18}},{"start":{"line":35,"column":22},"end":{"line":35,"column":57}}],"line":35},"4":{"loc":{"start":{"line":37,"column":6},"end":{"line":39,"column":37}},"type":"binary-expr","locations":[{"start":{"line":37,"column":6},"end":{"line":37,"column":21}},{"start":{"line":37,"column":26},"end":{"line":39,"column":36}}],"line":37},"5":{"loc":{"start":{"line":37,"column":26},"end":{"line":39,"column":36}},"type":"cond-expr","locations":[{"start":{"line":38,"column":8},"end":{"line":38,"column":48}},{"start":{"line":39,"column":8},"end":{"line":39,"column":36}}],"line":37}},"s":{"0":1,"1":0,"2":0,"3":0,"4":0,"5":0,"6":1,"7":0,"8":1},"f":{"0":0,"1":0,"2":0},"b":{"0":[0,0],"1":[0,0],"2":[0,0],"3":[0,0],"4":[0,0],"5":[0,0]},"_coverageSchema":"332fd63041d2c1bcb487cc26dd0d5f7d97098a6c","hash":"0e5345851573d1152cf2c65002a65350d8929e87"}
,"/Applications/MAMP/htdocs/personal/checkd/fixtures-api/app/src/modules/matches/ListContainer.jsx": {"path":"/Applications/MAMP/htdocs/personal/checkd/fixtures-api/app/src/modules/matches/ListContainer.jsx","statementMap":{"0":{"start":{"line":12,"column":19},"end":{"line":12,"column":42}},"1":{"start":{"line":13,"column":4},"end":{"line":13,"column":32}},"2":{"start":{"line":16,"column":68},"end":{"line":16,"column":78}},"3":{"start":{"line":17,"column":4},"end":{"line":24,"column":6}},"4":{"start":{"line":28,"column":0},"end":{"line":36,"column":2}},"5":{"start":{"line":38,"column":24},"end":{"line":42,"column":2}},"6":{"start":{"line":38,"column":34},"end":{"line":42,"column":1}}},"fnMap":{"0":{"name":"(anonymous_0)","decl":{"start":{"line":11,"column":2},"end":{"line":11,"column":3}},"loc":{"start":{"line":11,"column":22},"end":{"line":14,"column":3}},"line":11},"1":{"name":"(anonymous_1)","decl":{"start":{"line":15,"column":2},"end":{"line":15,"column":3}},"loc":{"start":{"line":15,"column":11},"end":{"line":25,"column":3}},"line":15},"2":{"name":"(anonymous_2)","decl":{"start":{"line":38,"column":24},"end":{"line":38,"column":25}},"loc":{"start":{"line":38,"column":34},"end":{"line":42,"column":1}},"line":38}},"branchMap":{},"s":{"0":0,"1":0,"2":0,"3":0,"4":1,"5":1,"6":0},"f":{"0":0,"1":0,"2":0},"b":{},"_coverageSchema":"332fd63041d2c1bcb487cc26dd0d5f7d97098a6c","hash":"d11aa4374603af66806ceb16978730f03cae6db4"}
,"/Applications/MAMP/htdocs/personal/checkd/fixtures-api/app/src/store/index.js": {"path":"/Applications/MAMP/htdocs/personal/checkd/fixtures-api/app/src/store/index.js","statementMap":{"0":{"start":{"line":6,"column":19},"end":{"line":9,"column":1}},"1":{"start":{"line":8,"column":63},"end":{"line":8,"column":64}},"2":{"start":{"line":11,"column":14},"end":{"line":11,"column":50}}},"fnMap":{"0":{"name":"(anonymous_0)","decl":{"start":{"line":8,"column":58},"end":{"line":8,"column":59}},"loc":{"start":{"line":8,"column":63},"end":{"line":8,"column":64}},"line":8}},"branchMap":{"0":{"loc":{"start":{"line":8,"column":2},"end":{"line":8,"column":64}},"type":"cond-expr","locations":[{"start":{"line":8,"column":29},"end":{"line":8,"column":55}},{"start":{"line":8,"column":58},"end":{"line":8,"column":64}}],"line":8}},"s":{"0":1,"1":1,"2":1},"f":{"0":1},"b":{"0":[0,1]},"_coverageSchema":"332fd63041d2c1bcb487cc26dd0d5f7d97098a6c","hash":"f0b9a1cfed2ad2e6797fd40f76fd3519c6c1f0f1"}
,"/Applications/MAMP/htdocs/personal/checkd/fixtures-api/app/src/store/actions/areas.js": {"path":"/Applications/MAMP/htdocs/personal/checkd/fixtures-api/app/src/store/actions/areas.js","statementMap":{"0":{"start":{"line":1,"column":28},"end":{"line":1,"column":49}},"1":{"start":{"line":2,"column":28},"end":{"line":2,"column":49}},"2":{"start":{"line":3,"column":26},"end":{"line":3,"column":45}},"3":{"start":{"line":6,"column":26},"end":{"line":9,"column":2}},"4":{"start":{"line":6,"column":38},"end":{"line":9,"column":1}},"5":{"start":{"line":11,"column":26},"end":{"line":13,"column":2}},"6":{"start":{"line":11,"column":33},"end":{"line":13,"column":1}},"7":{"start":{"line":15,"column":24},"end":{"line":17,"column":2}},"8":{"start":{"line":15,"column":31},"end":{"line":17,"column":1}},"9":{"start":{"line":19,"column":19},"end":{"line":25,"column":1}},"10":{"start":{"line":19,"column":25},"end":{"line":25,"column":1}},"11":{"start":{"line":20,"column":2},"end":{"line":20,"column":32}},"12":{"start":{"line":21,"column":2},"end":{"line":24,"column":48}},"13":{"start":{"line":22,"column":15},"end":{"line":22,"column":25}},"14":{"start":{"line":23,"column":17},"end":{"line":23,"column":51}},"15":{"start":{"line":24,"column":16},"end":{"line":24,"column":46}}},"fnMap":{"0":{"name":"(anonymous_0)","decl":{"start":{"line":6,"column":26},"end":{"line":6,"column":27}},"loc":{"start":{"line":6,"column":38},"end":{"line":9,"column":1}},"line":6},"1":{"name":"(anonymous_1)","decl":{"start":{"line":11,"column":26},"end":{"line":11,"column":27}},"loc":{"start":{"line":11,"column":33},"end":{"line":13,"column":1}},"line":11},"2":{"name":"(anonymous_2)","decl":{"start":{"line":15,"column":24},"end":{"line":15,"column":25}},"loc":{"start":{"line":15,"column":31},"end":{"line":17,"column":1}},"line":15},"3":{"name":"(anonymous_3)","decl":{"start":{"line":19,"column":19},"end":{"line":19,"column":20}},"loc":{"start":{"line":19,"column":25},"end":{"line":25,"column":1}},"line":19},"4":{"name":"(anonymous_4)","decl":{"start":{"line":19,"column":25},"end":{"line":19,"column":26}},"loc":{"start":{"line":19,"column":39},"end":{"line":25,"column":1}},"line":19},"5":{"name":"(anonymous_5)","decl":{"start":{"line":22,"column":8},"end":{"line":22,"column":9}},"loc":{"start":{"line":22,"column":15},"end":{"line":22,"column":25}},"line":22},"6":{"name":"(anonymous_6)","decl":{"start":{"line":23,"column":8},"end":{"line":23,"column":9}},"loc":{"start":{"line":23,"column":17},"end":{"line":23,"column":51}},"line":23},"7":{"name":"(anonymous_7)","decl":{"start":{"line":24,"column":9},"end":{"line":24,"column":10}},"loc":{"start":{"line":24,"column":16},"end":{"line":24,"column":46}},"line":24}},"branchMap":{},"s":{"0":1,"1":1,"2":1,"3":1,"4":0,"5":1,"6":0,"7":1,"8":0,"9":1,"10":0,"11":0,"12":0,"13":0,"14":0,"15":0},"f":{"0":0,"1":0,"2":0,"3":0,"4":0,"5":0,"6":0,"7":0},"b":{},"_coverageSchema":"332fd63041d2c1bcb487cc26dd0d5f7d97098a6c","hash":"6abf7f258621e6678bae568c9d16a9424612e932"}
,"/Applications/MAMP/htdocs/personal/checkd/fixtures-api/app/src/store/actions/competitions.js": {"path":"/Applications/MAMP/htdocs/personal/checkd/fixtures-api/app/src/store/actions/competitions.js","statementMap":{"0":{"start":{"line":1,"column":35},"end":{"line":1,"column":63}},"1":{"start":{"line":2,"column":35},"end":{"line":2,"column":63}},"2":{"start":{"line":3,"column":33},"end":{"line":3,"column":59}},"3":{"start":{"line":6,"column":33},"end":{"line":9,"column":2}},"4":{"start":{"line":6,"column":45},"end":{"line":9,"column":1}},"5":{"start":{"line":11,"column":33},"end":{"line":13,"column":2}},"6":{"start":{"line":11,"column":40},"end":{"line":13,"column":1}},"7":{"start":{"line":15,"column":31},"end":{"line":17,"column":2}},"8":{"start":{"line":15,"column":38},"end":{"line":17,"column":1}},"9":{"start":{"line":19,"column":26},"end":{"line":25,"column":1}},"10":{"start":{"line":19,"column":32},"end":{"line":25,"column":1}},"11":{"start":{"line":20,"column":2},"end":{"line":20,"column":39}},"12":{"start":{"line":21,"column":2},"end":{"line":24,"column":55}},"13":{"start":{"line":22,"column":15},"end":{"line":22,"column":25}},"14":{"start":{"line":23,"column":17},"end":{"line":23,"column":58}},"15":{"start":{"line":24,"column":16},"end":{"line":24,"column":53}}},"fnMap":{"0":{"name":"(anonymous_0)","decl":{"start":{"line":6,"column":33},"end":{"line":6,"column":34}},"loc":{"start":{"line":6,"column":45},"end":{"line":9,"column":1}},"line":6},"1":{"name":"(anonymous_1)","decl":{"start":{"line":11,"column":33},"end":{"line":11,"column":34}},"loc":{"start":{"line":11,"column":40},"end":{"line":13,"column":1}},"line":11},"2":{"name":"(anonymous_2)","decl":{"start":{"line":15,"column":31},"end":{"line":15,"column":32}},"loc":{"start":{"line":15,"column":38},"end":{"line":17,"column":1}},"line":15},"3":{"name":"(anonymous_3)","decl":{"start":{"line":19,"column":26},"end":{"line":19,"column":27}},"loc":{"start":{"line":19,"column":32},"end":{"line":25,"column":1}},"line":19},"4":{"name":"(anonymous_4)","decl":{"start":{"line":19,"column":32},"end":{"line":19,"column":33}},"loc":{"start":{"line":19,"column":46},"end":{"line":25,"column":1}},"line":19},"5":{"name":"(anonymous_5)","decl":{"start":{"line":22,"column":8},"end":{"line":22,"column":9}},"loc":{"start":{"line":22,"column":15},"end":{"line":22,"column":25}},"line":22},"6":{"name":"(anonymous_6)","decl":{"start":{"line":23,"column":8},"end":{"line":23,"column":9}},"loc":{"start":{"line":23,"column":17},"end":{"line":23,"column":58}},"line":23},"7":{"name":"(anonymous_7)","decl":{"start":{"line":24,"column":9},"end":{"line":24,"column":10}},"loc":{"start":{"line":24,"column":16},"end":{"line":24,"column":53}},"line":24}},"branchMap":{},"s":{"0":1,"1":1,"2":1,"3":1,"4":0,"5":1,"6":0,"7":1,"8":0,"9":1,"10":0,"11":0,"12":0,"13":0,"14":0,"15":0},"f":{"0":0,"1":0,"2":0,"3":0,"4":0,"5":0,"6":0,"7":0},"b":{},"_coverageSchema":"332fd63041d2c1bcb487cc26dd0d5f7d97098a6c","hash":"e4a386367e9aeb232c9a37767407ca1c9e3e27d9"}
,"/Applications/MAMP/htdocs/personal/checkd/fixtures-api/app/src/store/actions/matches.js": {"path":"/Applications/MAMP/htdocs/personal/checkd/fixtures-api/app/src/store/actions/matches.js","statementMap":{"0":{"start":{"line":1,"column":30},"end":{"line":1,"column":53}},"1":{"start":{"line":2,"column":30},"end":{"line":2,"column":53}},"2":{"start":{"line":3,"column":28},"end":{"line":3,"column":49}},"3":{"start":{"line":6,"column":28},"end":{"line":9,"column":2}},"4":{"start":{"line":6,"column":40},"end":{"line":9,"column":1}},"5":{"start":{"line":11,"column":28},"end":{"line":13,"column":2}},"6":{"start":{"line":11,"column":35},"end":{"line":13,"column":1}},"7":{"start":{"line":15,"column":26},"end":{"line":17,"column":2}},"8":{"start":{"line":15,"column":33},"end":{"line":17,"column":1}},"9":{"start":{"line":19,"column":21},"end":{"line":25,"column":1}},"10":{"start":{"line":19,"column":27},"end":{"line":25,"column":1}},"11":{"start":{"line":20,"column":2},"end":{"line":20,"column":34}},"12":{"start":{"line":21,"column":2},"end":{"line":24,"column":50}},"13":{"start":{"line":22,"column":15},"end":{"line":22,"column":25}},"14":{"start":{"line":23,"column":19},"end":{"line":23,"column":57}},"15":{"start":{"line":24,"column":16},"end":{"line":24,"column":48}}},"fnMap":{"0":{"name":"(anonymous_0)","decl":{"start":{"line":6,"column":28},"end":{"line":6,"column":29}},"loc":{"start":{"line":6,"column":40},"end":{"line":9,"column":1}},"line":6},"1":{"name":"(anonymous_1)","decl":{"start":{"line":11,"column":28},"end":{"line":11,"column":29}},"loc":{"start":{"line":11,"column":35},"end":{"line":13,"column":1}},"line":11},"2":{"name":"(anonymous_2)","decl":{"start":{"line":15,"column":26},"end":{"line":15,"column":27}},"loc":{"start":{"line":15,"column":33},"end":{"line":17,"column":1}},"line":15},"3":{"name":"(anonymous_3)","decl":{"start":{"line":19,"column":21},"end":{"line":19,"column":22}},"loc":{"start":{"line":19,"column":27},"end":{"line":25,"column":1}},"line":19},"4":{"name":"(anonymous_4)","decl":{"start":{"line":19,"column":27},"end":{"line":19,"column":28}},"loc":{"start":{"line":19,"column":41},"end":{"line":25,"column":1}},"line":19},"5":{"name":"(anonymous_5)","decl":{"start":{"line":22,"column":8},"end":{"line":22,"column":9}},"loc":{"start":{"line":22,"column":15},"end":{"line":22,"column":25}},"line":22},"6":{"name":"(anonymous_6)","decl":{"start":{"line":23,"column":8},"end":{"line":23,"column":9}},"loc":{"start":{"line":23,"column":19},"end":{"line":23,"column":57}},"line":23},"7":{"name":"(anonymous_7)","decl":{"start":{"line":24,"column":9},"end":{"line":24,"column":10}},"loc":{"start":{"line":24,"column":16},"end":{"line":24,"column":48}},"line":24}},"branchMap":{},"s":{"0":1,"1":1,"2":1,"3":1,"4":0,"5":1,"6":0,"7":1,"8":0,"9":1,"10":0,"11":0,"12":0,"13":0,"14":0,"15":0},"f":{"0":0,"1":0,"2":0,"3":0,"4":0,"5":0,"6":0,"7":0},"b":{},"_coverageSchema":"332fd63041d2c1bcb487cc26dd0d5f7d97098a6c","hash":"ef6e4897d969c7e0d0bf606a2e2710f26fe1af5b"}
,"/Applications/MAMP/htdocs/personal/checkd/fixtures-api/app/src/store/reducers/areas.js": {"path":"/Applications/MAMP/htdocs/personal/checkd/fixtures-api/app/src/store/reducers/areas.js","statementMap":{"0":{"start":{"line":3,"column":21},"end":{"line":7,"column":1}},"1":{"start":{"line":9,"column":14},"end":{"line":35,"column":1}},"2":{"start":{"line":10,"column":2},"end":{"line":34,"column":3}},"3":{"start":{"line":12,"column":6},"end":{"line":17,"column":8}},"4":{"start":{"line":19,"column":6},"end":{"line":24,"column":8}},"5":{"start":{"line":26,"column":6},"end":{"line":31,"column":8}},"6":{"start":{"line":33,"column":6},"end":{"line":33,"column":19}},"7":{"start":{"line":37,"column":29},"end":{"line":37,"column":49}},"8":{"start":{"line":37,"column":38},"end":{"line":37,"column":49}},"9":{"start":{"line":38,"column":33},"end":{"line":38,"column":58}},"10":{"start":{"line":38,"column":42},"end":{"line":38,"column":58}}},"fnMap":{"0":{"name":"(anonymous_0)","decl":{"start":{"line":9,"column":14},"end":{"line":9,"column":15}},"loc":{"start":{"line":9,"column":48},"end":{"line":35,"column":1}},"line":9},"1":{"name":"(anonymous_1)","decl":{"start":{"line":37,"column":29},"end":{"line":37,"column":30}},"loc":{"start":{"line":37,"column":38},"end":{"line":37,"column":49}},"line":37},"2":{"name":"(anonymous_2)","decl":{"start":{"line":38,"column":33},"end":{"line":38,"column":34}},"loc":{"start":{"line":38,"column":42},"end":{"line":38,"column":58}},"line":38}},"branchMap":{"0":{"loc":{"start":{"line":9,"column":15},"end":{"line":9,"column":35}},"type":"default-arg","locations":[{"start":{"line":9,"column":23},"end":{"line":9,"column":35}}],"line":9},"1":{"loc":{"start":{"line":10,"column":2},"end":{"line":34,"column":3}},"type":"switch","locations":[{"start":{"line":11,"column":4},"end":{"line":17,"column":8}},{"start":{"line":18,"column":4},"end":{"line":24,"column":8}},{"start":{"line":25,"column":4},"end":{"line":31,"column":8}},{"start":{"line":32,"column":4},"end":{"line":33,"column":19}}],"line":10}},"s":{"0":1,"1":1,"2":3,"3":0,"4":0,"5":0,"6":3,"7":1,"8":0,"9":1,"10":0},"f":{"0":3,"1":0,"2":0},"b":{"0":[3],"1":[0,0,0,3]},"_coverageSchema":"332fd63041d2c1bcb487cc26dd0d5f7d97098a6c","hash":"df58a155de61807ba57bfa372ab0ccf6f9d986a1"}
,"/Applications/MAMP/htdocs/personal/checkd/fixtures-api/app/src/store/reducers/competitions.js": {"path":"/Applications/MAMP/htdocs/personal/checkd/fixtures-api/app/src/store/reducers/competitions.js","statementMap":{"0":{"start":{"line":7,"column":21},"end":{"line":12,"column":1}},"1":{"start":{"line":14,"column":21},"end":{"line":40,"column":1}},"2":{"start":{"line":15,"column":2},"end":{"line":39,"column":3}},"3":{"start":{"line":17,"column":6},"end":{"line":22,"column":8}},"4":{"start":{"line":24,"column":6},"end":{"line":29,"column":8}},"5":{"start":{"line":31,"column":6},"end":{"line":36,"column":8}},"6":{"start":{"line":38,"column":6},"end":{"line":38,"column":19}},"7":{"start":{"line":42,"column":36},"end":{"line":42,"column":63}},"8":{"start":{"line":42,"column":45},"end":{"line":42,"column":63}}},"fnMap":{"0":{"name":"(anonymous_0)","decl":{"start":{"line":14,"column":21},"end":{"line":14,"column":22}},"loc":{"start":{"line":14,"column":55},"end":{"line":40,"column":1}},"line":14},"1":{"name":"(anonymous_1)","decl":{"start":{"line":42,"column":36},"end":{"line":42,"column":37}},"loc":{"start":{"line":42,"column":45},"end":{"line":42,"column":63}},"line":42}},"branchMap":{"0":{"loc":{"start":{"line":14,"column":22},"end":{"line":14,"column":42}},"type":"default-arg","locations":[{"start":{"line":14,"column":30},"end":{"line":14,"column":42}}],"line":14},"1":{"loc":{"start":{"line":15,"column":2},"end":{"line":39,"column":3}},"type":"switch","locations":[{"start":{"line":16,"column":4},"end":{"line":22,"column":8}},{"start":{"line":23,"column":4},"end":{"line":29,"column":8}},{"start":{"line":30,"column":4},"end":{"line":36,"column":8}},{"start":{"line":37,"column":4},"end":{"line":38,"column":19}}],"line":15}},"s":{"0":1,"1":1,"2":3,"3":0,"4":0,"5":0,"6":3,"7":1,"8":0},"f":{"0":3,"1":0},"b":{"0":[3],"1":[0,0,0,3]},"_coverageSchema":"332fd63041d2c1bcb487cc26dd0d5f7d97098a6c","hash":"59bb6c8afafc03d9ba8fb55fcb84d664032351d0"}
,"/Applications/MAMP/htdocs/personal/checkd/fixtures-api/app/src/store/reducers/index.js": {"path":"/Applications/MAMP/htdocs/personal/checkd/fixtures-api/app/src/store/reducers/index.js","statementMap":{"0":{"start":{"line":6,"column":20},"end":{"line":6,"column":69}}},"fnMap":{},"branchMap":{},"s":{"0":1},"f":{},"b":{},"_coverageSchema":"332fd63041d2c1bcb487cc26dd0d5f7d97098a6c","hash":"c4d6c7380750e0c062635d81a0baf0bacce76855"}
,"/Applications/MAMP/htdocs/personal/checkd/fixtures-api/app/src/store/reducers/matches.js": {"path":"/Applications/MAMP/htdocs/personal/checkd/fixtures-api/app/src/store/reducers/matches.js","statementMap":{"0":{"start":{"line":7,"column":21},"end":{"line":12,"column":1}},"1":{"start":{"line":14,"column":16},"end":{"line":40,"column":1}},"2":{"start":{"line":15,"column":2},"end":{"line":39,"column":3}},"3":{"start":{"line":17,"column":6},"end":{"line":22,"column":8}},"4":{"start":{"line":24,"column":6},"end":{"line":29,"column":8}},"5":{"start":{"line":31,"column":6},"end":{"line":36,"column":8}},"6":{"start":{"line":38,"column":6},"end":{"line":38,"column":19}},"7":{"start":{"line":42,"column":31},"end":{"line":42,"column":53}},"8":{"start":{"line":42,"column":40},"end":{"line":42,"column":53}}},"fnMap":{"0":{"name":"(anonymous_0)","decl":{"start":{"line":14,"column":16},"end":{"line":14,"column":17}},"loc":{"start":{"line":14,"column":50},"end":{"line":40,"column":1}},"line":14},"1":{"name":"(anonymous_1)","decl":{"start":{"line":42,"column":31},"end":{"line":42,"column":32}},"loc":{"start":{"line":42,"column":40},"end":{"line":42,"column":53}},"line":42}},"branchMap":{"0":{"loc":{"start":{"line":14,"column":17},"end":{"line":14,"column":37}},"type":"default-arg","locations":[{"start":{"line":14,"column":25},"end":{"line":14,"column":37}}],"line":14},"1":{"loc":{"start":{"line":15,"column":2},"end":{"line":39,"column":3}},"type":"switch","locations":[{"start":{"line":16,"column":4},"end":{"line":22,"column":8}},{"start":{"line":23,"column":4},"end":{"line":29,"column":8}},{"start":{"line":30,"column":4},"end":{"line":36,"column":8}},{"start":{"line":37,"column":4},"end":{"line":38,"column":19}}],"line":15}},"s":{"0":1,"1":1,"2":3,"3":0,"4":0,"5":0,"6":3,"7":1,"8":0},"f":{"0":3,"1":0},"b":{"0":[3],"1":[0,0,0,3]},"_coverageSchema":"332fd63041d2c1bcb487cc26dd0d5f7d97098a6c","hash":"7f5000def97528e5385acd53c960b41da2756fb7"}
}
