TN:
SF:/Applications/MAMP/htdocs/personal/checkd/fixtures-api/app/src/Router.jsx
FN:8,(anonymous_0)
FN:10,(anonymous_1)
FNF:2
FNH:0
FNDA:0,(anonymous_0)
FNDA:0,(anonymous_1)
DA:8,1
DA:11,0
LF:2
LH:1
BRF:0
BRH:0
end_of_record
TN:
SF:/Applications/MAMP/htdocs/personal/checkd/fixtures-api/app/src/index.jsx
FN:8,(anonymous_0)
FNF:1
FNH:1
FNDA:2,(anonymous_0)
DA:8,1
DA:9,2
DA:16,1
LF:3
LH:3
BRF:0
BRH:0
end_of_record
TN:
SF:/Applications/MAMP/htdocs/personal/checkd/fixtures-api/app/src/utils.js
FN:2,(anonymous_0)
FN:2,(anonymous_1)
FNF:2
FNH:2
FNDA:2,(anonymous_0)
FNDA:4,(anonymous_1)
DA:2,4
LF:1
LH:1
BRF:0
BRH:0
end_of_record
TN:
SF:/Applications/MAMP/htdocs/personal/checkd/fixtures-api/app/src/modules/areas/List.jsx
FN:5,(anonymous_0)
FN:7,(anonymous_1)
FN:15,(anonymous_2)
FNF:3
FNH:0
FNDA:0,(anonymous_0)
FNDA:0,(anonymous_1)
FNDA:0,(anonymous_2)
DA:5,1
DA:6,0
DA:8,0
DA:15,1
DA:16,0
DA:24,1
LF:6
LH:3
BRDA:18,0,0,0
BRDA:18,0,1,0
BRDA:19,1,0,0
BRDA:19,1,1,0
BRDA:20,2,0,0
BRDA:20,2,1,0
BRDA:20,2,2,0
BRF:7
BRH:0
end_of_record
TN:
SF:/Applications/MAMP/htdocs/personal/checkd/fixtures-api/app/src/modules/areas/ListContainer.jsx
FN:9,(anonymous_0)
FN:12,(anonymous_1)
FN:22,(anonymous_2)
FNF:3
FNH:0
FNDA:0,(anonymous_0)
FNDA:0,(anonymous_1)
FNDA:0,(anonymous_2)
DA:10,0
DA:13,0
DA:17,1
DA:22,1
LF:4
LH:2
BRF:0
BRH:0
end_of_record
TN:
SF:/Applications/MAMP/htdocs/personal/checkd/fixtures-api/app/src/modules/competitions/List.jsx
FN:7,(anonymous_0)
FN:9,(anonymous_1)
FN:17,(anonymous_2)
FNF:3
FNH:0
FNDA:0,(anonymous_0)
FNDA:0,(anonymous_1)
FNDA:0,(anonymous_2)
DA:7,1
DA:8,0
DA:10,0
DA:17,1
DA:18,0
DA:26,1
LF:6
LH:3
BRDA:20,0,0,0
BRDA:20,0,1,0
BRDA:21,1,0,0
BRDA:21,1,1,0
BRDA:22,2,0,0
BRDA:22,2,1,0
BRDA:22,2,2,0
BRF:7
BRH:0
end_of_record
TN:
SF:/Applications/MAMP/htdocs/personal/checkd/fixtures-api/app/src/modules/competitions/ListContainer.jsx
FN:10,(anonymous_0)
FN:14,(anonymous_1)
FN:29,(anonymous_2)
FNF:3
FNH:0
FNDA:0,(anonymous_0)
FNDA:0,(anonymous_1)
FNDA:0,(anonymous_2)
DA:11,0
DA:12,0
DA:15,0
DA:16,0
DA:20,1
DA:29,1
LF:6
LH:2
BRF:0
BRH:0
end_of_record
TN:
SF:/Applications/MAMP/htdocs/personal/checkd/fixtures-api/app/src/modules/matches/List.jsx
FN:8,(anonymous_0)
FN:19,(anonymous_1)
FN:31,(anonymous_2)
FNF:3
FNH:0
FNDA:0,(anonymous_0)
FNDA:0,(anonymous_1)
FNDA:0,(anonymous_2)
DA:8,1
DA:9,0
DA:10,0
DA:11,0
DA:12,0
DA:20,0
DA:31,1
DA:32,0
DA:44,1
LF:9
LH:3
BRDA:15,0,0,0
BRDA:15,0,1,0
BRDA:17,1,0,0
BRDA:17,1,1,0
BRDA:34,2,0,0
BRDA:34,2,1,0
BRDA:35,3,0,0
BRDA:35,3,1,0
BRDA:37,4,0,0
BRDA:37,4,1,0
BRDA:37,5,0,0
BRDA:37,5,1,0
BRF:12
BRH:0
end_of_record
TN:
SF:/Applications/MAMP/htdocs/personal/checkd/fixtures-api/app/src/modules/matches/ListContainer.jsx
FN:11,(anonymous_0)
FN:15,(anonymous_1)
FN:38,(anonymous_2)
FNF:3
FNH:0
FNDA:0,(anonymous_0)
FNDA:0,(anonymous_1)
FNDA:0,(anonymous_2)
DA:12,0
DA:13,0
DA:16,0
DA:17,0
DA:28,1
DA:38,1
LF:6
LH:2
BRF:0
BRH:0
end_of_record
TN:
SF:/Applications/MAMP/htdocs/personal/checkd/fixtures-api/app/src/store/index.js
FN:8,(anonymous_0)
FNF:1
FNH:1
FNDA:1,(anonymous_0)
DA:6,1
DA:8,1
DA:11,1
LF:3
LH:3
BRDA:8,0,0,0
BRDA:8,0,1,1
BRF:2
BRH:1
end_of_record
TN:
SF:/Applications/MAMP/htdocs/personal/checkd/fixtures-api/app/src/store/actions/areas.js
FN:6,(anonymous_0)
FN:11,(anonymous_1)
FN:15,(anonymous_2)
FN:19,(anonymous_3)
FN:19,(anonymous_4)
FN:22,(anonymous_5)
FN:23,(anonymous_6)
FN:24,(anonymous_7)
FNF:8
FNH:0
FNDA:0,(anonymous_0)
FNDA:0,(anonymous_1)
FNDA:0,(anonymous_2)
FNDA:0,(anonymous_3)
FNDA:0,(anonymous_4)
FNDA:0,(anonymous_5)
FNDA:0,(anonymous_6)
FNDA:0,(anonymous_7)
DA:1,1
DA:2,1
DA:3,1
DA:6,1
DA:11,1
DA:15,1
DA:19,1
DA:20,0
DA:21,0
DA:22,0
DA:23,0
DA:24,0
LF:12
LH:7
BRF:0
BRH:0
end_of_record
TN:
SF:/Applications/MAMP/htdocs/personal/checkd/fixtures-api/app/src/store/actions/competitions.js
FN:6,(anonymous_0)
FN:11,(anonymous_1)
FN:15,(anonymous_2)
FN:19,(anonymous_3)
FN:19,(anonymous_4)
FN:22,(anonymous_5)
FN:23,(anonymous_6)
FN:24,(anonymous_7)
FNF:8
FNH:0
FNDA:0,(anonymous_0)
FNDA:0,(anonymous_1)
FNDA:0,(anonymous_2)
FNDA:0,(anonymous_3)
FNDA:0,(anonymous_4)
FNDA:0,(anonymous_5)
FNDA:0,(anonymous_6)
FNDA:0,(anonymous_7)
DA:1,1
DA:2,1
DA:3,1
DA:6,1
DA:11,1
DA:15,1
DA:19,1
DA:20,0
DA:21,0
DA:22,0
DA:23,0
DA:24,0
LF:12
LH:7
BRF:0
BRH:0
end_of_record
TN:
SF:/Applications/MAMP/htdocs/personal/checkd/fixtures-api/app/src/store/actions/matches.js
FN:6,(anonymous_0)
FN:11,(anonymous_1)
FN:15,(anonymous_2)
FN:19,(anonymous_3)
FN:19,(anonymous_4)
FN:22,(anonymous_5)
FN:23,(anonymous_6)
FN:24,(anonymous_7)
FNF:8
FNH:0
FNDA:0,(anonymous_0)
FNDA:0,(anonymous_1)
FNDA:0,(anonymous_2)
FNDA:0,(anonymous_3)
FNDA:0,(anonymous_4)
FNDA:0,(anonymous_5)
FNDA:0,(anonymous_6)
FNDA:0,(anonymous_7)
DA:1,1
DA:2,1
DA:3,1
DA:6,1
DA:11,1
DA:15,1
DA:19,1
DA:20,0
DA:21,0
DA:22,0
DA:23,0
DA:24,0
LF:12
LH:7
BRF:0
BRH:0
end_of_record
TN:
SF:/Applications/MAMP/htdocs/personal/checkd/fixtures-api/app/src/store/reducers/areas.js
FN:9,(anonymous_0)
FN:37,(anonymous_1)
FN:38,(anonymous_2)
FNF:3
FNH:1
FNDA:3,(anonymous_0)
FNDA:0,(anonymous_1)
FNDA:0,(anonymous_2)
DA:3,1
DA:9,1
DA:10,3
DA:12,0
DA:19,0
DA:26,0
DA:33,3
DA:37,1
DA:38,1
LF:9
LH:6
BRDA:9,0,0,3
BRDA:10,1,0,0
BRDA:10,1,1,0
BRDA:10,1,2,0
BRDA:10,1,3,3
BRF:5
BRH:2
end_of_record
TN:
SF:/Applications/MAMP/htdocs/personal/checkd/fixtures-api/app/src/store/reducers/competitions.js
FN:14,(anonymous_0)
FN:42,(anonymous_1)
FNF:2
FNH:1
FNDA:3,(anonymous_0)
FNDA:0,(anonymous_1)
DA:7,1
DA:14,1
DA:15,3
DA:17,0
DA:24,0
DA:31,0
DA:38,3
DA:42,1
LF:8
LH:5
BRDA:14,0,0,3
BRDA:15,1,0,0
BRDA:15,1,1,0
BRDA:15,1,2,0
BRDA:15,1,3,3
BRF:5
BRH:2
end_of_record
TN:
SF:/Applications/MAMP/htdocs/personal/checkd/fixtures-api/app/src/store/reducers/index.js
FNF:0
FNH:0
DA:6,1
LF:1
LH:1
BRF:0
BRH:0
end_of_record
TN:
SF:/Applications/MAMP/htdocs/personal/checkd/fixtures-api/app/src/store/reducers/matches.js
FN:14,(anonymous_0)
FN:42,(anonymous_1)
FNF:2
FNH:1
FNDA:3,(anonymous_0)
FNDA:0,(anonymous_1)
DA:7,1
DA:14,1
DA:15,3
DA:17,0
DA:24,0
DA:31,0
DA:38,3
DA:42,1
LF:8
LH:5
BRDA:14,0,0,3
BRDA:15,1,0,0
BRDA:15,1,1,0
BRDA:15,1,2,0
BRDA:15,1,3,3
BRF:5
BRH:2
end_of_record
